测例统计:
[result]    1    Bti.Pin    PASSED
[result]    7    Bti.NoDelayedUnpin    PANICKED
[result]    4    Bti.Resize    PASSED
[result]    0    Bti.Create    PASSED
[result]    3    Bti.PinContigFlag    PASSED
[result]    6    Bti.GetInfoTest    PASSED
[result]    5    Bti.Clone    PASSED
[result]    9    BadAccessTest.InvalidMappedAddressFails    PANICKED
[result]    8    Bti.DecommitRace    PANICKED
[result]    2    Bti.PinContiguous    PASSED
[result]    10    BadAccessTest.KernelMappedAddressChannelWriteFails    PANICKED
[result]    14    BadAccessTest.ChannelReadHandle    PANICKED
[result]    13    BadAccessTest.PciCfgPioRwChannelReadHandle    UNKNOWN
[result]    19    C11MutexTest.TryMutexMultiThreadedContention    PASSED
[result]    12    BadAccessTest.SyscallNumTest    FAILED
[result]    11    BadAccessTest.NormalMappedAddressChannelWriteSucceeds    PASSED
[result]    17    ConditionalVariableTest.ConditionalVariablesTimeout    PASSED
[result]    15    ConditionalVariableTest.BroadcastSignalThreadWait    PASSED
[result]    16    ConditionalVariableTest.SignalThreadWait    PASSED
[result]    20    C11MutexTest.InitalizeLocalMutex    PASSED
[result]    21    C11MutexTest.StaticInitalizerSameBytesAsAuto    PASSED
[result]    25    C11ThreadTest.CreateAndVerifyThreadHandle    PASSED
[result]    26    C11ThreadTest.DetachedThreadKeepsRunning    PASSED
[result]    24    C11ThreadTest.NullNameThreadShouldSucceed    PASSED
[result]    23    C11ThreadTest.ThreadLocalErrno    PASSED
[result]    27    C11ThreadTest.LongNameSucceeds    PASSED
[result]    28    C11ThreadTest.SelfDetachAndFree    PASSED
[result]    22    C11MutexTest.TimeoutElapsed    PASSED
[result]    18    C11MutexTest.MultiThreadedContention    PASSED
[result]    29    ChannelInternalTest.CallFinishWithoutPreviouslyCallingCallReturnsBadState    PASSED
[result]    30    ChannelInternalTest.TransferChannelWithPendingCallInSourceProcess    PASSED
[result]    31    ChannelTest.CreateIsOkAndEndpointsAreRelated    PASSED
[result]    33    ChannelTest.WriteToEndpointCausesOtherToBecomeReadable    PASSED
[result]    32    ChannelTest.IsWriteableByDefault    PASSED
[result]    34    ChannelTest.WriteConsumesAllHandles    PASSED
[result]    35    ChannelTest.WaitManyIsSignaledOnAnyElementWrite    PASSED
[result]    36    ChannelTest.WaitManyIsSignaledForBothWrites    PASSED
[result]    37    ChannelTest.ReadWhenEmptyReturnsShouldWait    PASSED
[result]    38    ChannelTest.ReadWhenEmptyAndClosedReturnsPeerClosed    PASSED
[result]    39    ChannelTest.ReadRemainingMessagesWhenPeerIsClosed    PASSED
[result]    40    ChannelTest.CloseSignalsPeerClosed    PASSED
[result]    41    ChannelTest.CloseClearsSignalsWriteable    PASSED
[result]    42    ChannelTest.CloseSignalsPeerReturnsPeerClosed    PASSED
[result]    45    ChannelTest.WriteRepeatedHandlesReturnsBadHandlesAndClosesHandle    PASSED
[result]    46    ChannelTest.ConcurrentReadsConsumeUniqueElements    PASSED
[result]    43    ChannelTest.OnFlightHandlesSignalledWhenPeerIsClosed    PASSED
[result]    47    ChannelTest.ReadMayDiscardWithNullBuffersReturnsBufferTooSmall    PASSED
[result]    44    ChannelTest.WriteNonTransferableHandleReturnsAccessDeniedAndClosesHandle    PASSED
[result]    48    ChannelTest.ReadMayDiscardWithNullBufferDiscardsDataReturnsBufferTooSmall    PASSED
[result]    49    ChannelTest.ReadMayDiscardWithNullBufferDiscardHandlesReturnsBufferTooSmall    PASSED
[result]    50    ChannelTest.ReadMayDiscardWithZeroSizeBuffersDiscardHandlesAndDataReturnsBufferTooSmall    PASSED
[result]    51    ChannelTest.ReadMayDiscardWithSmallerBufferDiscardHandlesAndDateReturnsBufferTooSmall    PASSED
[result]    52    ChannelTest.CallWrittenBytesSmallerThanZxTxIdReturnsInvalidArgs    PASSED
[result]    55    ChannelTest.CallBytesFitIsOk    PASSED
[result]    56    ChannelTest.CallHandlesFitIsOk    PASSED
[result]    53    ChannelTest.CallResponseBiggerThanRdNumBytesReturnsBufferTooSmall    PASSED
[result]    58    ChannelTest.CallNullptrNumBytesIsInvalidArgs    PASSED
[result]    54    ChannelTest.CallResponseBiggerThanRdNumHandlesReturnsBufferTooSmall    PASSED
[result]    57    ChannelTest.CallHandleAndBytesFitsIsOk    PASSED
[result]    59    ChannelTest.CallNullptrNumHandlesInvalidArgs    PASSED
[result]    61    ChannelTest.CallDeadlineExceededReturnsTimedOut    PASSED
[result]    60    ChannelTest.CallPendingTransactionsUseDifferentIds    PASSED
[result]    62    ChannelTest.CallConsumesHandlesOnSuccess    PASSED
[result]    67    ChannelTest.ReadEtcHandleInfoValidation    PASSED
[result]    63    ChannelTest.CallConsumesHandlesOnError    PASSED
[result]    64    ChannelTest.CallNotifiedOnPeerClosed    PASSED
[result]    65    ChannelTest.NestingIsOk    PASSED
[result]    66    ChannelTest.WriteSelfHandleReturnsNotSupported    PASSED
[result]    68    ChannelTest.ReadAndWriteWithMultipleSizes    PASSED
[result]    71    ChannelWriteEtcTest.FailureDoesNotResultInReceivedPacket    PASSED
[result]    70    ChannelWriteEtcTest.ImproperlyInitalizedResultsArgReportedBackAsOriginallyInitalized    PASSED
[result]    69    ChannelWriteEtcTest.MultipleHandlesSomeInvalidResultsReportedCorrectly    PASSED
[result]    72    ChannelWriteEtcTest.SentHandleReferrsToSameObject    PASSED
[result]    75    ChannelWriteEtcTest.ChannelHandleNotValidShouldFail    PASSED
[result]    74    ChannelWriteEtcTest.HandleArgNotAChannelHandleShouldFail    PASSED
[result]    73    ChannelWriteEtcTest.InvalidOpArgShouldFail    PASSED
[result]    77    ChannelWriteEtcTest.HandleWithoutTransferRightShouldFail    PASSED
[result]    76    ChannelWriteEtcTest.ChannelHandleWithoutWriteRightShouldFail    PASSED
[result]    78    ChannelWriteEtcTest.InvalidHandleInTransferredHandlesShouldFail    PASSED
[result]    79    ChannelWriteEtcTest.RepeatedHandlesWithOpMoveHandlesShouldFail    PASSED
[result]    80    ChannelWriteEtcTest.DuplicateHandlesInTransferredHandlesShouldSucceed    PASSED
[result]    81    ChannelWriteEtcTest.HandleDoesNotMatchTypeShouldFail    PASSED
[result]    84    ChannelWriteEtcTest.OppositeChannelEndClosedShouldFail    PASSED
[result]    82    ChannelWriteEtcTest.OptionsArgNonZeroShouldFail    PASSED
[result]    85    ChannelWriteEtcTest.HandleCountBoundaryChecks    PASSED
[result]    83    ChannelWriteEtcTest.ChannelHandleInTransferredHandlesShouldFail    PASSED
[result]    86    ChannelWriteEtcTest.HandleCountAndDataCountBothZeroShouldSucceed    PASSED
[result]    87    ChannelWriteEtcTest.MaximumNumberHandlesWithZeroCountArrayArgShouldSucceed    PASSED
[result]    88    ChannelWriteEtcTest.ByteCountIsMaxShouldSucceed    PASSED
[result]    89    ChannelWriteEtcTest.ByteCountIsMaxPlusOneShouldFail    PASSED
[result]    90    ChannelWriteEtcTest.NullptrArgWhenSizeNonZeroShouldFail    PASSED
[result]    93    ChannelWriteEtcTest.SameHandleRightsBitsShouldSucceed    PASSED
[result]    91    ChannelWriteEtcTest.RemoveAllHandleRightsShouldSucceed    PASSED
[result]    92    ChannelWriteEtcTest.RemovingSomeHandleRightsShouldSucceed    PASSED
[result]    94    ChannelWriteEtcTest.SameHandleRightsFlagShouldSucceed    PASSED
[result]    95    ChannelWriteEtcTest.HandleWithoutDuplicateRightsMoveOpSucceedsDuplicateOpFails    PASSED
[result]    97    CpuMaskProfile.EmptyMaskIsValid    FAILED
[result]    96    CppThreadTest.CreateAndVerifyThreadHandle    PASSED
[result]    98    CpuMaskProfile.ApplyProfile    FAILED
[result]    100    ClockTest.DeadlineAfter    PASSED
[result]    102    DefaultExceptionHandlerTest.UnhandledPolicyException    FAILED
[result]    105    ExecutableTlsTest.BasicInitalizersInMain    PASSED
[result]    101    DefaultExceptionHandlerTest.UnhandledHardwareException    FAILED
[result]    104    ExecutableTlsTest.BasicInitalizersInThread    PASSED
[result]    99    ClockTest.ClockMonotonic    PASSED
[result]    103    DebugLogTest.WriteRead    PASSED
[result]    106    ExecutableTlsTest.ArrayInitializerInThread    PASSED
[result]    107    ExecutableTlsTest.ArrayInitializerInMain    PASSED
[result]    108    ExecutableTlsTest.BigArrayInitializerInThread    PASSED
[result]    110    ExecutableTlsTest.StructureInitializerInThread    PASSED
[result]    109    ExecutableTlsTest.BigArrayInitializerInMain    PASSED
[result]    111    ExecutableTlsTest.StructureInitalizierInMain    PASSED
[result]    113    ExecutableTlsTest.AlignmentInitializierInMain    PASSED
[result]    112    ExecutableTlsTest.AlignmentInitializerInThread    PASSED
[result]    114    ExecutableTlsTest.ArrayInitializerSpamThread    PASSED
[result]    115    ExecutableTlsTest.ArrayInitializierSpamMain    PASSED
[result]    117    EventPairTest.HandleRightsAreCorrect    PASSED
[result]    116    EventPairTest.HandlesNotInvalid    PASSED
[result]    118    EventPairTest.KoidsAreCorrect    PASSED
[result]    121    EventPairTest.SignalPeerAndVerifyRecived    PASSED
[result]    119    EventPairTest.CheckNoFlagsSupported    PASSED
[result]    120    EventPairTest.SignalEventPairAndClearVerifySignals    PASSED
[result]    122    EventPairTest.SignalPeerThenCloseAndVerifySignalReceived    PASSED
[result]    123    EventPairTest.SignalingClosedPeerReturnsPeerClosed    PASSED
[result]    125    FifoTest.EndpointsAreRelated    PASSED
[result]    124    FifoTest.InvalidParametersReturnOutOfRange    PASSED
[result]    126    FifoTest.EmptyQueueReturnsErrShouldWait    PASSED
[result]    128    FifoTest.DequeueSignalsWriteable    PASSED
[result]    127    FifoTest.ReadAndWriteValidatesSizeAndElementCount    PASSED
[result]    131    FifoTest.IndividualReadsPreserveOrder    PASSED
[result]    129    FifoTest.FifoOrderIsPreserved    PASSED
[result]    133    FPUTest.LongComputeLoop    PASSED
[result]    132    FifoTest.EndpointCloseSignalsPeerClosed    PASSED
[result]    130    FifoTest.PartialWriteQueuesElementsThatFit    PASSED
[result]    134    FutexTest.WaitValueMismatch    PASSED
[result]    135    FutexTest.WaitTimeout    PASSED
[result]    138    FutexTest.Wakeup    PASSED
[result]    137    FutexTest.WaitBadAddress    PASSED
[result]    136    FutexTest.WaitTimeoutElapsed    PASSED
[result]    141    FutexTest.RequeueValueMismatch    PASSED
[result]    140    FutexTest.WakeupAddress    PASSED
[result]    142    FutexTest.RequeueSameAddr    PASSED
[result]    139    FutexTest.WakeupLimit    PASSED
[result]    144    FutexTest.RequeueUnqueuedOnTimeout    PASSED
[result]    146    FutexTest.MisalignedFutextAddr    PASSED
[result]    143    FutexTest.Requeue    PASSED
[result]    145    FutexTest.ThreadSuspended    PASSED
[result]    148    HandleCloseTest.Many    PASSED
[result]    147    FutexTest.EventSignaling    PASSED
[result]    150    HandleCloseTest.ManyDuplicateTest    FAILED
[result]    149    HandleCloseTest.ManyInvalidHandlesShouldNotFail    PASSED
[result]    151    HandleDup.ReplaceSuccessOrigInvalid    PASSED
[result]    152    HandleDup.ReplaceFailureBothInvalid    PASSED
[result]    153    HandleDup.Replace    PASSED
[result]    154    HandleDup.Duplicate    PASSED
[result]    156    HandleInfoTest.RelatedKoid    PASSED
[result]    158    HandleInfoTest.ReplaceRights    PASSED
[result]    155    HandleInfoTest.DupAndInfoRights    PASSED
[result]    157    HandleInfoTest.DuplicateRights    PASSED
[result]    160    HandleTransferTest.CancelsWait    PASSED
[result]    159    HandleTransferTest.OverChannelThenRead    PASSED
[result]    161    HandleWaitTest.HandleWaitTest    PASSED
[result]    162    HandleWaitTest.HandleWaitMultipleThreads    PASSED
[result]    163    InterruptTest.NonBindablePort    PASSED
[result]    165    InterruptTest.BindPort    PASSED
[result]    164    InterruptTest.BindTriggeredIrqToPorts    UNKNOWN
[result]    167    InterruptTest.VirtualInterrupts    PASSED
[result]    166    InterruptTest.UnBindPort    PASSED
[result]    168    InterruptTest.WaitThreadFunctionsAfterSuspendResume    PASSED
[result]    170    InterruptTest.UnableToBindVirtualInterruptToVcpu    PASSED
[result]    172    InterruptTest.NullOutputTimestamp    PASSED
[result]    171    InterruptTest.MAYBE_UnableToBindToVcpuAfterPort    UNKNOWN
[result]    169    InterruptTest.MAYBE_BindVcpuTest    UNKNOWN
[result]    173    JobTest.BasicTest    PASSED
[result]    174    JobTest.CreateTest    PASSED
[result]    175    JobTest.CreateMissingRightsTest    PASSED
[result]    176    JobTest.PolicyInvalidTopicTest    PASSED
[result]    178    JobTest.PolicyTimerSlackInvalidOptionsTest    PASSED
[result]    177    JobTest.PolicyBasicOverrideAllowTest    PASSED
[result]    179    JobTest.PolicyTimerSlackInvalidCountTest    PASSED
[result]    180    JobTest.PolicyTimerSlackValid    PASSED
[result]    181    JobTest.KillJobNoChildTest    PASSED
[result]    182    JobTest.JobSignals    FAILED
[result]    183    JobTest.PolicyBasicOverrideDenyTest    FAILED
[result]    185    JobTest.PolicyTimerSlackNonEmptyTest    FAILED
[result]    184    JobTest.PolicyTimerSlackInvalidPolicyTest    FAILED
[result]    186    JobTest.KillTest    FAILED
[result]    187    JobTest.KillJobRemovesFromTree    FAILED
[result]    188    JobTest.CloseJobRemovesFromTree    FAILED
[result]    189    JobTest.KillJobChain    FAILED
[result]    190    JobTest.OneCriticalProcessKillsOneJob    FAILED
[result]    191    JobTest.ManyCriticalProcessesKillOneJob    FAILED
[result]    192    JobTest.OneCriticalProcessKillsJobTree    FAILED
[result]    194    JobTest.CriticalProcessNotInAncestor    PASSED
[result]    195    JobTest.CriticalProcessAlreadySet    FAILED
[result]    196    JobTest.SetJobOomKillBit    FAILED
[result]    198    JobTest.MaxHeightSmoke    FAILED
[result]    200    JobGetInfoTest.InfoJobProcessesPartiallyUnmappedBufferIsInvalidArgs    PANICKED
[result]    199    JobTest.GetRuntimeTest    FAILED
[result]    201    JobGetInfoTest.InfoJobProcessesGetChild    PASSED
[result]    202    JobGetInfoTest.InfoJobChildJobsGetChild    PASSED
[result]    203    JobGetInfoTest.InfoJobProcessesOnSelfSuceeds    PASSED
[result]    204    JobGetInfoTest.InfoJobProcessesInvalidHandleFails    PASSED
[result]    205    JobGetInfoTest.InfoJobProcessesZeroSizedBufferIsOk    PASSED
[result]    213    MemoryMappingTest.MmapZerofilledTest    EOF
[result]    206    JobGetInfoTest.InfoJobProcessesSmallBufferIsOk    PASSED
[result]    207    JobGetInfoTest.InfoJobProcessesNullAvailSucceeds    FAILED
[result]    208    JobGetInfoTest.InfoJobProcessesNullActualSucceeds    FAILED
[result]    217    MemoryMappingTest.MmapFlagsTest    EOF
[result]    209    JobGetInfoTest.InfoJobProcessesNullActualAndAvailSucceeds    FAILED
[result]    210    JobGetInfoTest.InfoJobProcessesInvalidBufferPointerFails    FAILED
[result]    211    JobGetInfoTest.InfoJobProcessesBadActualgIsInvalidArg    FAILED
[result]    212    JobGetInfoTest.InfoJobProcessesBadAvailIsInvalidArg    FAILED
[result]    214    MemoryMappingTest.MmapLenTest    PASSED
[result]    215    MemoryMappingTest.MmapOffsetTest    PASSED
[result]    193    JobTest.OneCriticalProcessKillsOneJobIfRetcodeNonzero    TIMEOUT
[result]    216    MemoryMappingTest.MmapProtExecTest    PASSED
[result]    218    MemoryMappingTest.AddressSpaceLimitsTest    FAILED
[result]    219    MemoryMappingTest.MmapProtTest    FAILED
[result]    220    MemoryMappingTest.MprotectTest    FAILED
[result]    221    MsiTest.AllocateSyscall    PASSED
[result]    197    JobTest.WaitTest    TIMEOUT
[result]    222    MsiTest.CreateSyscallArgs    PASSED
[result]    223    MsiTest.Msi    PASSED
[result]    224    ObjectWaitManyTest.TooManyObjects    PASSED
[result]    225    ObjectWaitManyTest.InvalidHandle    PASSED
[result]    226    ObjectWaitManyTest.WaitForEventsSignaled    PASSED
[result]    227    ObjectWaitManyTest.WaitForEventsThenSignal    PASSED
[result]    228    ObjectWaitManyTest.TransientSignalsNotReturned    PASSED
[result]    229    ObjectChildTest.InvalidHandleReturnsBadHandle    PASSED
[result]    231    ObjectGetInfoTest.ClosedValidHandleFails    PASSED
[result]    230    ObjectGetInfoTest.OpenValidHandleSuceeds    PASSED
[result]    232    ObjectGetInfoTest.HandleCountCorrectness    PASSED
[result]    233    ObjectGetInfoTest.InvalidHandleFails    PASSED
[result]    234    ObjectWaitOneTest.WaitForEventSignaled    PASSED
[result]    235    ObjectWaitOneTest.WaitForEventTimeout    PASSED
[result]    236    ObjectWaitOneTest.EmptySignalSet    PASSED
[result]    237    ObjectWaitOneTest.WaitForEventTimeoutPreSignalClear    PASSED
[result]    238    ObjectWaitOneTest.WaitForEventThenSignal    PASSED
[result]    239    ObjectWaitOneTest.TransientSignalsNotReturned    PASSED
[result]    241    Pager.SinglePageTest_vmo    FAILED
[result]    240    Pager.SinglePageTest_vmar    FAILED
[result]    242    Pager.UncommittedSinglePageTest_vmar    FAILED
[result]    243    Pager.UncommittedSinglePageTest_vmo    FAILED
[result]    244    Pager.PresupplyTest_vmar    FAILED
[result]    245    Pager.PresupplyTest_vmo    FAILED
[result]    247    Pager.EarlySupplyTest_vmo    FAILED
[result]    246    Pager.EarlySupplyTest_vmar    FAILED
[result]    248    Pager.SequentialMultipageTest_vmar    FAILED
[result]    249    Pager.SequentialMultipageTest_vmo    FAILED
[result]    251    Pager.ConcurrentMultipageAccessTest_vmo    FAILED
[result]    250    Pager.ConcurrentMultipageAccessTest_vmar    FAILED
[result]    252    Pager.ConcurrentOverlappingAccessTest_vmar    FAILED
[result]    254    Pager.BulkSingleSupplyTest_vmar    FAILED
[result]    253    Pager.ConcurrentOverlappingAccessTest_vmo    FAILED
[result]    255    Pager.BulkSingleSupplyTest_vmo    FAILED
[result]    256    Pager.BulkOddLengthSupplyTest_vmar    FAILED
[result]    257    Pager.BulkOddLengthSupplyTest_vmo    FAILED
[result]    258    Pager.BulkOddOffsetSupplyTest_vmar    FAILED
[result]    259    Pager.BulkOddOffsetSupplyTest_vmo    FAILED
[result]    260    Pager.OverlapSupplyTest_vmar    FAILED
[result]    261    Pager.OverlapSupplyTest_vmo    FAILED
[result]    262    Pager.ManyRequestTest_vmar    FAILED
[result]    263    Pager.ManyRequestTest_vmo    FAILED
[result]    264    Pager.SuccessiveVmoTest    FAILED
[result]    265    Pager.MultipleConcurrentVmoTest    FAILED
[result]    266    Pager.VmarUnmapTest    FAILED
[result]    267    Pager.VmarRemapTest    FAILED
[result]    268    Pager.VmarMapRangeTest    FAILED
[result]    269    Pager.ReadResizeTest_vmar    FAILED
[result]    270    Pager.ReadResizeTest_vmo    FAILED
[result]    271    Pager.SuspendReadTest_vmar    FAILED
[result]    272    Pager.SuspendReadTest_vmo    FAILED
[result]    273    Pager.VmoInfoPagerTest    FAILED
[result]    274    Pager.DetachPageCompleteTest    FAILED
[result]    275    Pager.ClosePageCompleteTest    FAILED
[result]    277    Pager.ReadCloseInterruptLateTest_vmo    FAILED
[result]    276    Pager.ReadCloseInterruptLateTest_vmar    FAILED
[result]    278    Pager.ReadDetachInterruptLateTest_vmar    FAILED
[result]    279    Pager.ReadDetachInterruptLateTest_vmo    FAILED
[result]    280    Pager.ReadCloseInterruptEarlyTest_vmar    FAILED
[result]    281    Pager.ReadCloseInterruptEarlyTest_vmo    FAILED
[result]    282    Pager.ReadDetachInterruptEarlyTest_vmar    FAILED
[result]    283    Pager.ReadDetachInterruptEarlyTest_vmo    FAILED
[result]    284    Pager.ClosePagerTest    FAILED
[result]    287    Pager.CloneReadFromCloneTest_vmar    FAILED
[result]    286    Pager.ClosePortTest    FAILED
[result]    285    Pager.DetachClosePagerTest    FAILED
[result]    288    Pager.CloneReadFromCloneTest_vmo    FAILED
[result]    289    Pager.CloneReadFromParentTest_vmar    FAILED
[result]    290    Pager.CloneReadFromParentTest_vmo    FAILED
[result]    291    Pager.CloneSimultaneousReadTest_vmar    FAILED
[result]    292    Pager.CloneSimultaneousReadTest_vmo    FAILED
[result]    293    Pager.CloneSimultaneousChildReadTest_vmar    FAILED
[result]    294    Pager.CloneSimultaneousChildReadTest_vmo    FAILED
[result]    296    Pager.CloneWriteToCloneTest_vmo    FAILED
[result]    295    Pager.CloneWriteToCloneTest_vmar    FAILED
[result]    297    Pager.CloneDetachTest    FAILED
[result]    298    Pager.CloneCommitTest    FAILED
[result]    300    Pager.CloneResizeCloneHazard    FAILED
[result]    299    Pager.CloneSplitCommitTest    FAILED
[result]    301    Pager.CloneResizeParentOK    FAILED
[result]    302    Pager.CloneShrinkGrowParent    FAILED
[result]    303    Pager.SimpleCommitTest    FAILED
[result]    304    Pager.SplitCommitTest    FAILED
[result]    305    Pager.OverlapCommitTest    FAILED
[result]    307    Pager.MultisupplyCommitTest    FAILED
[result]    306    Pager.OverlapCommitSupplyTest    FAILED
[result]    308    Pager.MulticommitSupplyTest    FAILED
[result]    309    Pager.CommitRedundantSupplyTest    FAILED
[result]    310    Pager.ResizeCommitTest    FAILED
[result]    311    Pager.SuspendCommitTest    FAILED
[result]    312    Pager.InvalidPagerCreate    FAILED
[result]    313    Pager.InvalidPagerCreateVmo    FAILED
[result]    315    Pager.InvalidPagerSupplyPages    FAILED
[result]    316    Pager.ResizeNonresizableVmo    FAILED
[result]    314    Pager.InvalidPagerDetachVmo    FAILED
[result]    317    Pager.DecommitTest    FAILED
[result]    318    Pager.UncommittedSupply    FAILED
[result]    319    Pager.InvalidPagerOpRange    FAILED
[result]    322    Pager.FailExactRange    FAILED
[result]    321    Pager.FailSinglePage_vmo    FAILED
[result]    320    Pager.FailSinglePage_vmar    FAILED
[result]    323    Pager.FailMultipleCommits    FAILED
[result]    324    Pager.FailMultipleVmos    FAILED
[result]    325    Pager.FailOverlappingRange    FAILED
[result]    326    Pager.FailRedundant    FAILED
[result]    328    Pager.SupplyAfterFail    FAILED
[result]    327    Pager.FailAfterDetach    FAILED
[result]    329    Pager.FailErrorCode    FAILED
[result]    331    Pager.CleanThreadKill    FAILED
[result]    330    Pager.WritingZeroFork    FAILED
[result]    332    PortTest.AsyncWaitInvalidOption    PANICKED
[result]    333    PortTest.QueueNullPtrReturnsInvalidArgs    PASSED
[result]    334    PortTest.QueueWaitVerifyUserPacket    PASSED
[result]    335    PortTest.PortTimeout    PASSED
[result]    336    PortTest.QueueAndClose    PASSED
[result]    338    PortTest.AsyncWaitChannelTimedOut    PASSED
[result]    337    PortTest.QueueTooMany    PASSED
[result]    339    PortTest.AsyncWaitChannel    PASSED
[result]    340    PortTest.AsyncWaitCloseOrder    PASSED
[result]    341    PortTest.AsyncWaitEventRepeat    PASSED
[result]    342    PortTest.AsyncWaitEventManyAllProcessed    PASSED
[result]    343    PortTest.EventAsyncSignalWaitSingle    FAILED
[result]    344    PortTest.ChannelAsyncWaitOnExistingStateIsNotified    PASSED
[result]    345    PortTest.CancelEventKey    FAILED
[result]    346    PortTest.CancelEventKeyAfter    FAILED
[result]    348    PortTest.Timestamp    PANICKED
[result]    347    PortTest.ThreadEvents    PASSED
[result]    349    PortTest.CloseQueueRace    PASSED
[result]    352    PortStressTest.CloseWaitRace    PASSED
[result]    355    ProcessTest.EmptyNameSucceeds    PASSED
[result]    354    ProcessTest.LongNameSucceeds    PASSED
[result]    358    ProcessTest.ProcessStartFail    PASSED
[result]    356    ProcessTest.MiniProcessSanity    PASSED
[result]    357    ProcessTest.ProcessStartNoHandle    PASSED
[result]    359    ProcessTest.ProcessNotKilledViaThreadClose    PASSED
[result]    360    ProcessTest.ProcessNotKilledViaProcessClose    PASSED
[result]    361    ProcessTest.KillProcessViaThreadKill    PASSED
[result]    363    ProcessTest.SuspendSelf    PASSED
[result]    365    ProcessTest.GetRuntimeNoPermission    FAILED
[result]    370    ProcessTest.SuspendBeforeStartingThreads    EOF
[result]    362    ProcessTest.KillChannelHandleCycle    PASSED
[result]    371    ProcessTest.SuspendProcessThenThread    EOF
[result]    373    ProcessTest.SuspendThreadAndProcessBeforeStartingProcess    EOF
[result]    364    ProcessTest.CreateAndKillJobRaceStress    PASSED
[result]    366    ProcessTest.InfoReflectsProcessState    FAILED
[result]    367    ProcessTest.Suspend    FAILED
[result]    350    PortStressTest.WaitSignalCancel    TIMEOUT
[result]    368    ProcessTest.SuspendMultipleThreads    FAILED
[result]    351    PortStressTest.SignalCloseWait    TIMEOUT
[result]    369    ProcessTest.SuspendBeforeCreatingThreads    FAILED
[result]    353    ProcessTest.ProcessWaitAsyncCancelSelf    TIMEOUT
[result]    374    ProcessTest.SuspendTwice    FAILED
[result]    372    ProcessTest.SuspendThreadThenProcess    FAILED
[result]    375    ProcessTest.SuspendTwiceBeforeCreatingThreads    FAILED
[result]    376    ProcessTest.SuspendWithDyingThread    FAILED
[result]    377    ProcessTest.GetTaskRuntime    FAILED
[result]    379    ProcessTest.ForbidDestroyRootVmar    FAILED
[result]    378    ProcessTest.ProcessStartWriteThreadState    FAILED
[result]    381    ProcessDebugUtilsTest.XorShiftIsOk    PASSED
[result]    380    ProcessHwTraceContextIdProperty    UNKNOWN
[result]    383    ProcessDebugTest.WriteMemoryAtOffsetIsOk    PASSED
[result]    382    ProcessDebugTest.ReadMemoryAtOffsetIsOk    PASSED
[result]    384    ProcessDebugTest.ReadMemoryAtInvalidOffsetReturnsErrorNoMemory    PASSED
[result]    385    ProcessDebugTest.WriteAtInvalidOffsetReturnsErrorNoMemory    PASSED
[result]    386    ProcessDebugVDSO.WriteToVdsoAddressReturnsAccessDenied    FAILED
[result]    388    Pthread.SelfMainThread    PASSED
[result]    391    Pthread.GetstackOtherThread    PASSED
[result]    389    Pthread.BigStackSize    PASSED
[result]    390    Pthread.GetstackMainThread    PASSED
[result]    393    PThreadBarrierTest.SingleThreadWinsBarrierObject    PASSED
[result]    395    PThreadBarrierTest.InitWithNoThreadsReturnsInval    PASSED
[result]    394    PThreadBarrierTest.SingleThreadWinsBarrierObjectResetsBetweenIterations    PASSED
[result]    392    Pthread.GetstackOtherThreadExplicitSize    PASSED
[result]    387    Pthread.Basic    PASSED
[result]    397    ProcessGetInfoTest.InfoHandleBasicOnSelfSuceeds    PASSED
[result]    400    ProcessGetInfoTest.InfoHandleBasicNullActualSucceeds    PASSED
[result]    399    ProcessGetInfoTest.InfoHandleBasicNullAvailSucceeds    PASSED
[result]    398    ProcessGetInfoTest.InfoHandleBasicInvalidHandleFails    PASSED
[result]    401    ProcessGetInfoTest.InfoHandleBasicNullActualAndAvailSucceeds    PASSED
[result]    402    ProcessGetInfoTest.InfoHandleBasicInvalidBufferPointerFails    PASSED
[result]    403    ProcessGetInfoTest.InfoHandleBasicBadActualgIsInvalidArg    PASSED
[result]    404    ProcessGetInfoTest.InfoHandleBasicBadAvailIsInvalidArg    PASSED
[result]    396    PthreadTls.PthreadTls    PASSED
[result]    405    ProcessGetInfoTest.InfoProcessOnSelfSuceeds    PASSED
[result]    406    ProcessGetInfoTest.InfoProcessInvalidHandleFails    PASSED
[result]    407    ProcessGetInfoTest.InfoProcessNullAvailSucceeds    PASSED
[result]    408    ProcessGetInfoTest.InfoProcessNullActualSucceeds    PASSED
[result]    409    ProcessGetInfoTest.InfoProcessNullActualAndAvailSucceeds    PASSED
[result]    410    ProcessGetInfoTest.InfoProcessInvalidBufferPointerFails    PASSED
[result]    412    ProcessGetInfoTest.InfoProcessBadAvailIsInvalidArg    PASSED
[result]    411    ProcessGetInfoTest.InfoProcessBadActualgIsInvalidArg    PASSED
[result]    413    ProcessGetInfoTest.InfoProcessJobHandleIsBadHandle    PASSED
[result]    414    ProcessGetInfoTest.InfoProcessThreadHandleIsBadHandle    PASSED
[result]    415    ProcessGetInfoTest.InfoProcessThreadsSelfSuceeds    PASSED
[result]    416    ProcessGetInfoTest.InfoProcessThreadsInvalidHandleFails    PASSED
[result]    417    ProcessGetInfoTest.InfoProcessThreadsZeroSizedBufferSucceeds    PASSED
[result]    418    ProcessGetInfoTest.InfoProcessMapsUnstartedSuceeds    FAILED
[result]    419    ProcessGetInfoTest.InfoProcessMapsSmokeTest    FAILED
[result]    420    ProcessGetInfoTest.InfoProcessHandleStats    FAILED
[result]    421    ProcessGetInfoTest.InfoProcessHandleTable    FAILED
[result]    422    ProcessGetInfoTest.InfoProcessHandleTableInsufficientRights    FAILED
[result]    424    ProcessGetInfoTest.InfoProcessHandleTableSelf    FAILED
[result]    423    ProcessGetInfoTest.InfoProcessHandleTableEmpty    FAILED
[result]    425    ProcessGetInfoTest.InfoProcessHandleTableInvalidHandleFails    FAILED
[result]    426    ProcessGetInfoTest.InfoProcessHandleTableNullAvailSuceeds    FAILED
[result]    428    ProcessGetInfoTest.InfoProcessHandleTableInvalidBufferPointerFails    FAILED
[result]    427    ProcessGetInfoTest.InfoProcessHandleTableNullActualAvailSuceeds    FAILED
[result]    429    ProcessGetInfoTest.InfoProcessMapsOnSelfFails    FAILED
[result]    431    ProcessGetInfoTest.InfoProcessMapsNullAvailSucceeds    FAILED
[result]    430    ProcessGetInfoTest.InfoProcessMapsInvalidHandleFails    FAILED
[result]    433    ProcessGetInfoTest.InfoProcessMapsNullActualAndAvailSucceeds    FAILED
[result]    432    ProcessGetInfoTest.InfoProcessMapsNullActualSucceeds    FAILED
[result]    434    ProcessGetInfoTest.InfoProcessMapsInvalidBufferPointerFails    FAILED
[result]    435    ProcessGetInfoTest.InfoProcessMapsBadActualgIsInvalidArg    FAILED
[result]    436    ProcessGetInfoTest.InfoProcessMapsBadAvailIsInvalidArg    FAILED
[result]    438    ProcessGetInfoTest.InfoProcessMapsSmallBufferIsOk    FAILED
[result]    437    ProcessGetInfoTest.InfoProcessMapsZeroSizedBufferIsOk    FAILED
[result]    439    ProcessGetInfoTest.InfoProcessMapsPartiallyUnmappedBufferIsInvalidArgs    FAILED
[result]    440    ProcessGetInfoTest.InfoProcessMapsRequiresInspectRights    FAILED
[result]    442    ProcessGetInfoTest.InfoProcessVmosInvalidHandleFails    FAILED
[result]    441    ProcessGetInfoTest.InfoProcessVmosSmokeTest    FAILED
[result]    443    ProcessGetInfoTest.InfoProcessVmosNullAvailSucceeds    FAILED
[result]    444    ProcessGetInfoTest.InfoProcessVmosNullActualSucceeds    FAILED
[result]    445    ProcessGetInfoTest.InfoProcessVmosNullActualAndAvailSucceeds    FAILED
[result]    446    ProcessGetInfoTest.InfoProcessVmosInvalidBufferPointerFails    FAILED
[result]    447    ProcessGetInfoTest.InfoProcessVmosBadActualgIsInvalidArg    FAILED
[result]    448    ProcessGetInfoTest.InfoProcessVmosBadAvailIsInvalidArg    FAILED
[result]    449    ProcessGetInfoTest.InfoProcessVmosZeroSizedBufferIsOk    FAILED
[result]    450    ProcessGetInfoTest.InfoProcessVmosSmallBufferIsOk    FAILED
[result]    451    ProcessGetInfoTest.InfoProcessVmosPartiallyUnmappedBufferIsInvalidArgs    FAILED
[result]    452    ProcessGetInfoTest.InfoProcessVmosRequiresInspectRights    FAILED
[result]    453    ProcessGetInfoTest.InfoProcessVmosJobHandleIsBadHandle    FAILED
[result]    454    ProcessGetInfoTest.InfoProcessVmosThreadHandleIsBadHandle    FAILED
[result]    455    ProcessGetInfoTest.InfoHandleBasicZeroSizedFails    FAILED
[result]    456    ProcessGetInfoTest.InfoProcessZeroSizedBufferFails    FAILED
[result]    458    ProcessGetInfoTest.InfoProcessThreadsNullActualSucceeds    FAILED
[result]    457    ProcessGetInfoTest.InfoProcessThreadsNullAvailSucceeds    FAILED
[result]    461    ProcessGetInfoTest.InfoProcessThreadsBadActualgIsInvalidArg    FAILED
[result]    460    ProcessGetInfoTest.InfoProcessThreadsInvalidBufferPointerFails    FAILED
[result]    462    ProcessGetInfoTest.InfoProcessThreadsBadAvailIsInvalidArg    FAILED
[result]    459    ProcessGetInfoTest.InfoProcessThreadsNullActualAndAvailSucceeds    FAILED
[result]    463    ProgressiveCloneDiscardTests.ProgressiveCloneClose    PASSED
[result]    464    ProgressiveCloneDiscardTests.ProgressiveCloneTruncate    PASSED
[result]    465    ProfileTest.CreateProfileWithDefaultInitializedProfileInfoIsError    FAILED
[result]    467    ProfileTest.CreateProfileWithNoProfileInfoIsInvalidArgs    FAILED
[result]    466    ProfileTest.CreateProfileWithMutuallyExclusiveFlagsIsInvalidArgs    FAILED
[result]    468    ProfileTest.CreateProfileWithInvalidHandleIsBadHandle    FAILED
[result]    469    ProfileTest.CreateProfileWithNullProfileIsInvalidArgs    FAILED
[result]    470    Resource.ProbeAddressSpace    FAILED
[result]    472    Resource.InvalidArgs    FAILED
[result]    473    Resource.ExclusiveShared    FAILED
[result]    471    Resource.BasicActions    FAILED
[result]    474    Resource.SharedExclusive    FAILED
[result]    475    Resource.VmoCreation    FAILED
[result]    476    Resource.VmoCreationSmaller    FAILED
[result]    477    Resource.VmoCreationUnaligned    FAILED
[result]    478    Resource.VmoReplaceAsExecutable    FAILED
[result]    479    Resource.CreateResourceSlice    FAILED
[result]    480    Resource.Ioports    FAILED
[result]    481    SocketTest.EndpointsAreRelated    PASSED
[result]    483    SocketTest.WriteReadDataVerify    PASSED
[result]    482    SocketTest.EmptySocketShouldWait    PASSED
[result]    484    SocketTest.PeerClosedError    PASSED
[result]    485    SocketTest.PeekingLeavesData    PASSED
[result]    486    SocketTest.PeekingIntoEmpty    PASSED
[result]    487    SocketTest.Signals    PASSED
[result]    488    SocketTest.SetThreshholdsProp    PASSED
[result]    490    SocketTest.SignalClosedPeer    PASSED
[result]    489    SocketTest.SetThreshholdsAndCheckSignals    PASSED
[result]    493    SocketTest.ShutdownRead    PASSED
[result]    492    SocketTest.ShutdownWrite    PASSED
[result]    491    SocketTest.PeerClosedSetProperty    PASSED
[result]    494    SocketTest.BytesOutstanding    PASSED
[result]    495    SocketTest.ShutdownWriteBytesOutstanding    PASSED
[result]    496    SocketTest.ShutdownReadBytesOutstanding    PASSED
[result]    497    SocketTest.ShortWrite    PASSED
[result]    498    SocketTest.Datagram    PASSED
[result]    499    SocketTest.DatagramPeek    PASSED
[result]    500    SocketTest.DatagramPeekEmpty    PASSED
[result]    502    SocketTest.ZeroSize    PASSED
[result]    501    SocketTest.DatagramNoShortWrite    PASSED
[result]    503    SocketTest.ReadIntoNullBuffer    PASSED
[result]    505    SocketTest.WriteFromNullBuffer    PASSED
[result]    504    SocketTest.ReadIntoBadBuffer    FAILED
[result]    506    SocketTest.WriteFromBadBuffer    FAILED
[result]    507    StackTest.MainThreadStack    PASSED
[result]    508    StackTest.ThreadStack    PASSED
[result]    511    StreamTestCase.ReadV    PASSED
[result]    513    StreamTestCase.WriteExtendsContentSize    PASSED
[result]    509    StreamTestCase.Create    PASSED
[result]    510    StreamTestCase.Seek    PASSED
[result]    512    StreamTestCase.WriteV    PASSED
[result]    514    StreamTestCase.WriteExtendsVMOSize    PASSED
[result]    515    StreamTestCase.ReadVAt    PASSED
[result]    517    StreamTestCase.ReadVectorAlias    PASSED
[result]    516    StreamTestCase.WriteVAt    PASSED
[result]    518    StreamTestCase.Append    PASSED
[result]    519    StreamTestCase.ExtendFillsWithZeros    PASSED
[result]    520    SyncCompletionTest.Initializer    PASSED
[result]    521    SyncCompletionTest.SingleWait    PASSED
[result]    522    SyncCompletionTest.MultiWait    PASSED
[result]    525    SyncCompletionTest.PresignalSingleWait    PASSED
[result]    523    SyncCompletionTest.TimeoutSingleWait    PASSED
[result]    524    SyncCompletionTest.TimeoutMultiWait    PASSED
[result]    526    SyncCompletionTest.PresignalMultiWait    PASSED
[result]    527    SyncCompletionTest.ResetCycleSingleWait    PASSED
[result]    528    SyncCompletionTest.ResetCycleMultiWait    PASSED
[result]    529    SyncCompletionTest.SignalRequeue    PASSED
[result]    532    SyncCondition.TimeoutTest    PASSED
[result]    530    SyncCompletionTest.SpuriousWakeupHandled    PASSED
[result]    531    SyncCondition.ConditionTest    PASSED
[result]    537    SystemEvent.RetrieveOom    PANICKED
[result]    536    SyncMutex.TimeoutElapsed    PASSED
[result]    538    SystemEvent.CannotSignalOomFromUserspace    FAILED
[result]    535    SyncMutex.TryMutexes    PASSED
[result]    539    SystemEvent.RetrieveMempressureCritical    PANICKED
[result]    541    SystemEvent.RetreiveMempressureWarning    PANICKED
[result]    542    SystemEvent.CannotSignalMempressureWarningFromUserspace    PANICKED
[result]    540    SystemEvent.CannotSignalMempressureCriticalFromUserspace    PANICKED
[result]    534    SyncMutex.Mutexes    PASSED
[result]    543    SystemEvent.RetrieveMempressureNormal    PANICKED
[result]    544    SystemEvent.CannotSignalMempressureNormalFromUserspace    PANICKED
[result]    553    SchedulerProfileTest.CreateProfileWithDeadlineIsOk    EOF
[result]    545    SystemEvent.ExactlyOneMemoryEventSignaled    PANICKED
[result]    546    SchedulerProfileTest.CreateProfileWithDefaultPriorityIsOk    FAILED
[result]    549    SchedulerProfileTest.CreateProfileWithHihgPriorityIsOk    FAILED
[result]    550    SchedulerProfileTest.CreateProfileWithHighestPriorityIsOk    FAILED
[result]    547    SchedulerProfileTest.CreateProfileWithLowestPriorityIsOk    FAILED
[result]    548    SchedulerProfileTest.CreateProfileWithLowPriorityIsOk    FAILED
[result]    552    SchedulerProfileTest.CreateProfileWithPriorityBelowLowestIsInvalidArgs    FAILED
[result]    554    SchedulerProfileTest.CreateProfileWithZeroCapacityIsInvalidArgs    FAILED
[result]    551    SchedulerProfileTest.CreateProfileWithPriorityExceedingHighestIsInvalidArgs    FAILED
[result]    556    SchedulerProfileTest.CreateProfileWithPeriodBelowDeadlineIsInvalidArgs    FAILED
[result]    555    SchedulerProfileTest.CreateProfileWithDeadlineBelowCapacityIsInvalidArgs    FAILED
[result]    533    SyncMutex.NoRecursion    TIMEOUT
[result]    560    Threads.ThreadStartWithZeroInstructionPointer    PASSED
[result]    557    SchedulerProfileTest.CreateProfileOnNonRootJobIsAccessDenied    FAILED
[result]    559    SchedulerProfileTest.SetThreadPriorityIsOk    FAILED
[result]    558    SchedulerProfileTest.CreateProfileWithNonZeroOptionsIsInvalidArgs    FAILED
[result]    562    Threads.InvalidRights    PASSED
[result]    561    Threads.Basics    PASSED
[result]    563    Threads.Detach    PASSED
[result]    565    Threads.LongNameSucceeds    PASSED
[result]    564    Threads.EmptyNameSucceeds    PASSED
[result]    566    Threads.ThreadStartOnInitialThread    PASSED
[result]    567    Threads.NonstartedThread    PASSED
[result]    569    Threads.GetLastScheduledCpu    FAILED
[result]    568    Threads.InfoTaskStatsFails    PASSED
[result]    570    Threads.GetInfoRuntime    FAILED
[result]    572    Threads.ResumeSuspended    PASSED
[result]    571    Threads.GetAffinity    FAILED
[result]    573    Threads.SuspendSleeping    PASSED
[result]    574    Threads.SuspendChannelCall    PASSED
[result]    575    Threads.SuspendPortCall    PASSED
[result]    576    Threads.SuspendStopsThread    PASSED
[result]    578    Threads.SuspendSelf    PASSED
[result]    581    Threads.StartSuspendedAndResumedThread    PASSED
[result]    582    Threads.SuspendSingleWaitAsyncSignalDelivery    FAILED
[result]    583    Threads.SuspendRepeatingWaitAsyncSignalDelivery    FAILED
[result]    584    Threads.ReadingGeneralRegisterState    FAILED
[result]    585    Threads.ReadingFpRegisterState    FAILED
[result]    586    Threads.ReadingVectorRegisterState    FAILED
[result]    587    Threads.WritingGeneralRegisterState    FAILED
[result]    588    Threads.WritingSingleStepState    FAILED
[result]    589    Threads.WritingFpRegisterState    FAILED
[result]    590    Threads.WritingVectorRegisterState    FAILED
[result]    597    Threads.WriteReadDebugRegisterState    EOF
[result]    591    Threads.WritingVectorRegisterState_UnsupportedFieldsIgnored    FAILED
[result]    599    Threads.X86AcFlagUserCopy    EOF
[result]    592    Threads.WriteThreadStateWithInvalidMxcsrIsInvalidArgs    FAILED
[result]    600    TaskGetInfoTest.InfoStatsUnstartedSuceeds    EOF
[result]    593    Threads.ThreadLocalRegisterState    FAILED
[result]    594    Threads.NoncanonicalRipAddressSyscall    FAILED
[result]    596    Threads.WritingArmFlagsRegister    PASSED
[result]    595    Threads.NoncanonicalRipAddressIRETQ    FAILED
[result]    598    Threads.DebugRegistersValidation    FAILED
[result]    601    TaskGetInfoTest.InfoStatsSmokeTest    PASSED
[result]    602    TaskGetInfoTest.InfoTaskStatsInvalidHandleFails    PASSED
[result]    603    TaskGetInfoTest.InfoTaskStatsNullAvailSucceeds    PASSED
[result]    577    Threads.SuspendMultiple    TIMEOUT
[result]    579    Threads.KillSuspendedThread    TIMEOUT
[result]    580    Threads.StartSuspendedThread    TIMEOUT
[result]    604    TaskGetInfoTest.InfoTaskStatsNullActualSucceeds    PASSED
[result]    606    TaskGetInfoTest.InfoTaskStatsInvalidBufferPointerFails    PASSED
[result]    605    TaskGetInfoTest.InfoTaskStatsNullActualAndAvailSucceeds    PASSED
[result]    607    TaskGetInfoTest.InfoTaskStatsBadActualgIsInvalidArg    PASSED
[result]    608    TaskGetInfoTest.InfoTaskStatsBadAvailIsInvalidArg    PASSED
[result]    609    TaskGetInfoTest.InfoTaskStatsJobHandleIsBadHandle    PASSED
[result]    611    TaskGetInfoTest.InfoTaskRuntimeWrongType    PASSED
[result]    610    TaskGetInfoTest.InfoTaskStatsThreadHandleIsBadHandle    PASSED
[result]    612    TaskGetInfoTest.InfoTaskStatsZeroSizedBufferIsTooSmall    FAILED
[result]    613    TaskGetInfoTest.InfoTaskRuntimeInvalidHandle    FAILED
[result]    614    ThreadGetInfoTest.InfoHandleBasicOnSelfSuceeds    PASSED
[result]    616    ThreadGetInfoTest.InfoHandleBasicNullAvailSucceeds    PASSED
[result]    615    ThreadGetInfoTest.InfoHandleBasicInvalidHandleFails    PASSED
[result]    617    ThreadGetInfoTest.InfoHandleBasicNullActualSucceeds    PASSED
[result]    618    ThreadGetInfoTest.InfoHandleBasicNullActualAndAvailSucceeds    PASSED
[result]    619    ThreadGetInfoTest.InfoHandleBasicInvalidBufferPointerFails    PASSED
[result]    620    ThreadGetInfoTest.InfoHandleBasicBadActualgIsInvalidArg    PASSED
[result]    622    ThreadGetInfoTest.InfoHandleCountOnSelfSuceeds    PASSED
[result]    621    ThreadGetInfoTest.InfoHandleBasicBadAvailIsInvalidArg    PASSED
[result]    624    ThreadGetInfoTest.InfoHandleCountNullAvailSucceeds    PASSED
[result]    623    ThreadGetInfoTest.InfoHandleCountInvalidHandleFails    PASSED
[result]    626    ThreadGetInfoTest.InfoHandleCountNullActualAndAvailSucceeds    PASSED
[result]    625    ThreadGetInfoTest.InfoHandleCountNullActualSucceeds    PASSED
[result]    627    ThreadGetInfoTest.InfoHandleCountInvalidBufferPointerFails    PASSED
[result]    628    ThreadGetInfoTest.InfoHandleCountBadActualgIsInvalidArg    PASSED
[result]    629    ThreadGetInfoTest.InfoHandleCountBadAvailIsInvalidArg    PASSED
[result]    631    ThreadGetInfoTest.InfoThreadInvalidHandleFails    PASSED
[result]    630    ThreadGetInfoTest.InfoThreadOnSelfSuceeds    PASSED
[result]    632    ThreadGetInfoTest.InfoThreadNullAvailSucceeds    PASSED
[result]    634    ThreadGetInfoTest.InfoThreadNullActualAndAvailSucceeds    PASSED
[result]    633    ThreadGetInfoTest.InfoThreadNullActualSucceeds    PASSED
[result]    635    ThreadGetInfoTest.InfoThreadInvalidBufferPointerFails    PASSED
[result]    636    ThreadGetInfoTest.InfoThreadBadActualgIsInvalidArg    PASSED
[result]    637    ThreadGetInfoTest.InfoThreadBadAvailIsInvalidArg    PASSED
[result]    638    ThreadGetInfoTest.InfoThreadJobHandleIsBadHandle    PASSED
[result]    639    ThreadGetInfoTest.InfoThreadProcessHandleIsBadHandle    PASSED
[result]    640    ThreadGetInfoTest.InfoThreadStatsJobHandleIsBadHandle    PASSED
[result]    641    ThreadGetInfoTest.InfoThreadStatsProcessHandleIsBadHandle    PASSED
[result]    642    ThreadGetInfoTest.InfoHandleBasicZeroSizedBufferFails    FAILED
[result]    644    ThreadGetInfoTest.InfoThreadZeroSizedBufferFails    FAILED
[result]    643    ThreadGetInfoTest.InfoHandleCountZeroSizedBufferFails    FAILED
[result]    645    ThreadGetInfoTest.InfoThreadStatsOnSelfSuceeds    FAILED
[result]    646    ThreadGetInfoTest.InfoThreadStatsInvalidHandleFails    FAILED
[result]    647    ThreadGetInfoTest.InfoThreadStatsNullAvailSucceeds    FAILED
[result]    648    ThreadGetInfoTest.InfoThreadStatsNullActualSucceeds    FAILED
[result]    649    ThreadGetInfoTest.InfoThreadStatsNullActualAndAvailSucceeds    FAILED
[result]    652    ThreadGetInfoTest.InfoThreadStatsBadAvailIsInvalidArg    FAILED
[result]    650    ThreadGetInfoTest.InfoThreadStatsInvalidBufferPointerFails    FAILED
[result]    651    ThreadGetInfoTest.InfoThreadStatsBadActualgIsInvalidArg    FAILED
[result]    653    ThreadGetInfoTest.InfoThreadStatsZeroSizedBufferFails    FAILED
[result]    654    ThreadGetInfoTest.InfoThreadExceptionReportInvalidHandleFails    PASSED
[result]    655    Thread.SuspendAfterDeath    PASSED
[result]    656    TicksTest.ElapsedTimeUsingTicks    PASSED
[result]    657    Vmar.DestroyTest    PASSED
[result]    659    Vmar.MapInCompactTest    PASSED
[result]    658    Vmar.BasicAllocateTest    PASSED
[result]    660    Vmar.AllocateOobTest    PASSED
[result]    661    Vmar.UnalignedLenTest    PASSED
[result]    662    Vmar.UnalignedLenMapTest    PASSED
[result]    663    Vmar.ObjectInfoTest    PASSED
[result]    664    Vmar.UnmapSplitTest    PASSED
[result]    665    Vmar.UnmapMultipleTest    PASSED
[result]    666    Vmar.UnmapBaseNotMappedTest    PASSED
[result]    667    Vmar.MapInUppderLimitTest    FAILED
[result]    668    Vmar.AllocateUnsatisfiableTest    FAILED
[result]    669    Vmar.DestroyedVmarTest    FAILED
[result]    670    Vmar.MapOverDestroyedTest    FAILED
[result]    672    Vmar.AlignmentVmarAllocateTest    FAILED
[result]    671    Vmar.AlignmentVmarMapTest    FAILED
[result]    673    Vmar.VmarMapRangeOffsetTest    FAILED
[result]    674    Vmar.OvermappingTest    FAILED
[result]    675    Vmar.InvalidArgsTest    FAILED
[result]    676    Vmar.RightsDropTest    FAILED
[result]    677    Vmar.ProtectTest    FAILED
[result]    678    Vmar.NestedRegionPermsTest    FAILED
[result]    679    Vmar.MapSpecificOverwriteTest    FAILED
[result]    680    Vmar.ProtectSplitTest    FAILED
[result]    681    Vmar.ProtectMultipleTest    FAILED
[result]    683    Vmar.ProtectLargeUncomittedTest    PANICKED
[result]    684    Vmar.RangeOpCommitVmoPages    FAILED
[result]    685    Vmar.UnmapLargeUncommittedTest    PANICKED
[result]    686    Vmar.PartialUnmapAndRead    FAILED
[result]    687    Vmar.PartialUnmapAndWrite    FAILED
[result]    688    Vmar.PartialUnmapWithVmarOffset    FAILED
[result]    689    Vmar.AllowFaultsTest    PASSED
[result]    690    Vmar.ConcurrentUnmapReadMemory    PASSED
[result]    692    VmoTestCase.Create    PASSED
[result]    693    VmoTestCase.ReadWriteBadLen    PASSED
[result]    694    VmoTestCase.ReadWrite    PASSED
[result]    702    VmoTestCase.NoResize    EOF
[result]    695    VmoTestCase.ReadWriteRange    PASSED
[result]    696    VmoTestCase.Map    PASSED
[result]    697    VmoTestCase.MapRead    PASSED
[result]    698    VmoTestCase.ParallelRead    PASSED
[result]    700    VmoTestCase.NoPermProtect    FAILED
[result]    701    VmoTestCase.Resize    PASSED
[result]    703    VmoTestCase.Info    FAILED
[result]    682    Vmar.ProtectOverDemandPagedTest    TIMEOUT
[result]    705    VmoTestCase.ResizeAlign    PASSED
[result]    704    VmoTestCase.SizeAlign    PASSED
[result]    711    VmoTestCase.PhysicalSlice    EOF
[result]    706    VmoTestCase.ContentSize    PASSED
[result]    707    VmoTestCase.Rights    FAILED
[result]    709    VmoTestCase.ZeroPage    PASSED
[result]    712    VmoTestCase.CacheOp    PANICKED
[result]    710    VmoTestCase.Cache    FAILED
[result]    714    VmoTestCase.DecommitMisaligned    FAILED
[result]    719    VmarGetInfoTest.InfoHandleBasicInvalidHandleFails    EOF
[result]    691    VmoTestCase.ReadOnlyMap    TIMEOUT
[result]    713    VmoTestCase.CacheFlush    FAILED
[result]    716    VmoTestCase.CompressedContiguous    FAILED
[result]    717    VmoTestCase.UncachedContiguous    PASSED
[result]    718    VmarGetInfoTest.InfoHandleBasicOnSelfSuceeds    PASSED
[result]    720    VmarGetInfoTest.InfoHandleBasicNullAvailSucceeds    PASSED
[result]    721    VmarGetInfoTest.InfoHandleBasicNullActualSucceeds    PASSED
[result]    722    VmarGetInfoTest.InfoHandleBasicNullActualAndAvailSucceeds    PASSED
[result]    728    VmarGetInfoTest.InfoVmarNullAvailSucceeds    EOF
[result]    723    VmarGetInfoTest.InfoHandleBasicInvalidBufferPointerFails    PASSED
[result]    699    VmoTestCase.NoPermMap    TIMEOUT
[result]    724    VmarGetInfoTest.InfoHandleBasicBadActualgIsInvalidArg    PASSED
[result]    725    VmarGetInfoTest.InfoHandleBasicBadAvailIsInvalidArg    PASSED
[result]    726    VmarGetInfoTest.InfoVmarOnSelfFails    PASSED
[result]    735    VmarGetInfoTest.InfoVmarProcessHandleIsBadHandle    EOF
[result]    727    VmarGetInfoTest.InfoVmarInvalidHandleFails    PASSED
[result]    730    VmarGetInfoTest.InfoVmarNullActualAndAvailSucceeds    PASSED
[result]    729    VmarGetInfoTest.InfoVmarNullActualSucceeds    PASSED
[result]    731    VmarGetInfoTest.InfoVmarInvalidBufferPointerFails    PASSED
[result]    732    VmarGetInfoTest.InfoVmarBadActualgIsInvalidArg    PASSED
[result]    733    VmarGetInfoTest.InfoVmarBadAvailIsInvalidArg    PASSED
[result]    708    VmoTestCase.Commit    TIMEOUT
[result]    734    VmarGetInfoTest.InfoVmarJobHandleIsBadHandle    PASSED
[result]    736    VmarGetInfoTest.InfoVmarThreadHandleIsBadHandle    PASSED
[result]    737    VmarGetInfoTest.InfoHandleBasicZeroSizedBufferFails    FAILED
[result]    715    VmoTestCase.ResizeHazard    TIMEOUT
[result]    739    VersionTest.ZxStringView    PASSED
[result]    738    VmarGetInfoTest.InfoVmarZeroSizedBufferFails    FAILED
[result]    740    VersionTest.StdStringView    PASSED
[result]    741    VersionTest.StdString    PASSED
[result]    742    VersionTest.CXX14StdString    PASSED
[result]    743    VmoCloneTestCase.SizeAlign    PASSED
[result]    744    VmoCloneTestCase.NameProperty    PASSED
[result]    747    VmoCloneTestCase.Rights    PASSED
[result]    745    VmoCloneTestCase.Commit    PASSED
[result]    746    VmoCloneTestCase.Decommit    PASSED
[result]    748    VmoCloneTestCase.NoResize    PASSED
[result]    749    VmoClone2TestCase.Info    PASSED
[result]    750    VmoClone2TestCase.Read    PASSED
[result]    751    VmoClone2TestCase.CloneVmoWrite    PASSED
[result]    753    VmoClone2TestCase.CloneVmarWrite    PASSED
[result]    752    VmoClone2TestCase.ParentVmoWrite    PASSED
[result]    754    VmoClone2TestCase.ParentVmarWrite    PASSED
[result]    755    VmoClone2TestCase.CloseOriginal    PASSED
[result]    756    VmoClone2TestCase.CloseClone    PASSED
[result]    757    VmoClone2TestCase.ObjMemAccounting    PASSED
[result]    758    VmoClone2TestCase.ZeroPageWrite    PASSED
[result]    760    VmoClone2TestCase.Offset    PASSED
[result]    759    VmoClone2TestCase.SplitPageClosure    PASSED
[result]    761    VmoClone2TestCase.OffsetTest2    PASSED
[result]    762    VmoClone2TestCase.OffsetProgressiveWrite    PASSED
[result]    763    VmoClone2TestCase.Overflow    PASSED
[result]    764    VmoClone2TestCase.OutOfBounds    PASSED
[result]    765    VmoClone2TestCase.SmallClone    PASSED
[result]    766    VmoClone2TestCase.SmallCloneChild    PASSED
[result]    767    VmoClone2TestCase.SmallClones    PASSED
[result]    768    VmoClone2TestCase.DisjointCloneTest2    PASSED
[result]    769    VmoClone2TestCase.DisjointCloneProgressive    PASSED
[result]    770    VmoClone2TestCase.ResizeGrow    PASSED
[result]    771    VmoClone2TestCase.ResizeOffsetChild    PASSED
[result]    773    VmoClone2TestCase.ResizeMultipleProgressive    PASSED
[result]    772    VmoClone2TestCase.ResizeDisjointChild    PASSED
[result]    774    VmoClone2TestCase.ResizeOverSiblingRange    PASSED
[result]    776    VmoClone2TestCase.ManyChildren    PASSED
[result]    775    VmoClone2TestCase.Children    PASSED
[result]    777    VmoClone2TestCase.ManyChildrenRevClose    PASSED
[result]    779    VmoClone2TestCase.ManyCloneOffset    PASSED
[result]    778    VmoClone2TestCase.ManyCloneMapping    PASSED
[result]    780    VmoClone2TestCase.ForbidContiguousVmo    PASSED
[result]    781    VmoClone2TestCase.PinBeforeCreateFailure    PASSED
[result]    782    VmoClone2TestCase.PinClonePages    PASSED
[result]    783    VmoClone2TestCase.Uncached    PASSED
[result]    784    VmoClone2TestCase.ParentStartLimitRegression    PASSED
[result]    786    VmoClone2TestCase.NoPhysical    FAILED
[result]    785    VmoClone2TestCase.ManyCloneMappingOffset    FAILED
[result]    788    VmoZeroTestCase.UnalignedSubPage    PASSED
[result]    787    VmoClone2TestCase.NoSnapshotPager    FAILED
[result]    789    VmoZeroTestCase.UnalignedCommitted    PASSED
[result]    791    VmoZeroTestCase.DecommitMiddle    PASSED
[result]    790    VmoZeroTestCase.UnalignedUnCommitted    PASSED
[result]    792    VmoZeroTestCase.Contiguous    PASSED
[result]    793    VmoZeroTestCase.ContentInParentAndChild    PASSED
[result]    794    VmoZeroTestCase.EmptyCowChildren    PASSED
[result]    795    VmoZeroTestCase.MergeZeroChildren    PASSED
[result]    798    VmoZeroTestCase.WriteCowParent    PASSED
[result]    797    VmoZeroTestCase.AllocateAfterMergeHiddenChild    PASSED
[result]    796    VmoZeroTestCase.AllocateAfterMerge    PASSED
[result]    799    VmoZeroTestCase.ChildZeroThenWrite    PASSED
[result]    800    VmoZeroTestCase.Nested    PASSED
[result]    801    VmoZeroTestCase.ZeroLengths    PASSED
[result]    802    VmoZeroTestCase.ResizeOverHiddenMarkers    PASSED
[result]    803    VmoSliceTestCase.WriteThrough    PASSED
[result]    804    VmoSliceTestCase.DecommitParent    PASSED
[result]    806    VmoSliceTestCase.NonSlice    PASSED
[result]    805    VmoSliceTestCase.Nested    PASSED
[result]    807    VmoSliceTestCase.NonResizable    PASSED
[result]    808    VmoSliceTestCase.CommitChild    PASSED
[result]    810    VmoSliceTestCase.ZeroSized    PASSED
[result]    809    VmoSliceTestCase.DecommitChild    PASSED
[result]    811    VmoSliceTestCase.ChildSliceOfContiguousParentIsContiguous    PASSED
[result]    812    VmoSliceTestCase.ZeroChildren    PASSED
[result]    813    VmoSliceTestCase.ZeroChildrenGrandchildClosedLast    PASSED
[result]    814    VmoSliceTestCase.CowPageSourceThroughSlices    PASSED
[result]    815    VmoSliceTestCase.RoundUpSizePhysical    PASSED
[result]    817    VmoSliceTestCase.NotCoWType    PASSED
[result]    816    VmoSliceTestCase.RoundUpSize    PASSED
[result]    818    VmoSliceTestCase.Pin    FAILED
[result]    820    VmoSignalTestCase.ChildSignalClone    PASSED
[result]    819    VmoSignalTestCase.SignalSanity    PASSED
[result]    822    VmoCloneResizeTests.ResizeChild    PASSED
[result]    821    VmoSignalTestCase.ChildSignalMap    PASSED
[result]    823    VmoCloneResizeTests.ResizeOriginal    PASSED
[result]    824    VmoCloneDisjointClonesTests.DisjointCloneEarlyClose    PASSED
[result]    825    VmoCloneDisjointClonesTests.DisjointCloneLateClose    PASSED

495 PASSED
279 FAILED
14 TIMEOUT
14 EOF
19 PANICKED

5 UNKNOWN



用时--times377.917